Line 15: Class ReportX.ReportMain of control Imprimir was not a loaded control class.
Line 32: Class ReportX.ReportSection of control ReportSection2 was not a loaded control class.
Line 43: Class ReportX.ReportSection of control ReportSection1 was not a loaded control class.
Line 54: Class ReportX.ReportSection of control Detalhe was not a loaded control class.
Line 62: Class ReportX.ReportField of control rfdInfBanco was not a loaded control class.
Line 83: Class ReportX.ReportField of control rfdValor was not a loaded control class.
Line 105: Class ReportX.ReportField of control rfdExtensoA was not a loaded control class.
Line 126: Class ReportX.ReportField of control rfdExtensoB was not a loaded control class.
Line 147: Class ReportX.ReportField of control rfdNominal was not a loaded control class.
Line 168: Class ReportX.ReportField of control rfdLocal was not a loaded control class.
Line 189: Class ReportX.ReportField of control rfdMes was not a loaded control class.
Line 211: Class ReportX.ReportField of control rfdAno was not a loaded control class.
Line 232: Class ReportX.ReportField of control rfdBancoCheque was not a loaded control class.
Line 21: The property name _ExtentX in Imprimir is invalid.
Line 22: The property name _ExtentY in Imprimir is invalid.
Line 23: The property name Pagina in Imprimir is invalid.
Line 24: The property name Divisao in Imprimir is invalid.
Line 25: The property name Regua in Imprimir is invalid.
Line 26: The property name MargemEsquerda in Imprimir is invalid.
Line 27: The property name MargemDireita in Imprimir is invalid.
Line 28: The property name MargemSuperior in Imprimir is invalid.
Line 29: The property name MargemInferior in Imprimir is invalid.
Line 30: The property name Titulo in Imprimir is invalid.
Line 38: The property name _ExtentX in ReportSection2 is invalid.
Line 39: The property name _ExtentY in ReportSection2 is invalid.
Line 40: The property name Tipo in ReportSection2 is invalid.
Line 41: The property name Mostrar in ReportSection2 is invalid.
Line 49: The property name _ExtentX in ReportSection1 is invalid.
Line 50: The property name _ExtentY in ReportSection1 is invalid.
Line 51: The property name Tipo in ReportSection1 is invalid.
Line 52: The property name Mostrar in ReportSection1 is invalid.
Line 60: The property name _ExtentX in Detalhe is invalid.
Line 61: The property name _ExtentY in Detalhe is invalid.
Line 68: The property name _ExtentX in rfdInfBanco is invalid.
Line 69: The property name _ExtentY in rfdInfBanco is invalid.
Line 70: The property name Campo in rfdInfBanco is invalid.
Line 71: The property name Caption in rfdInfBanco is invalid.
Line 89: The property name _ExtentX in rfdValor is invalid.
Line 90: The property name _ExtentY in rfdValor is invalid.
Line 91: The property name Campo in rfdValor is invalid.
Line 92: The property name Caption in rfdValor is invalid.
Line 93: The property name Alignment in rfdValor is invalid.
Line 111: The property name _ExtentX in rfdExtensoA is invalid.
Line 112: The property name _ExtentY in rfdExtensoA is invalid.
Line 113: The property name Campo in rfdExtensoA is invalid.
Line 114: The property name Caption in rfdExtensoA is invalid.
Line 132: The property name _ExtentX in rfdExtensoB is invalid.
Line 133: The property name _ExtentY in rfdExtensoB is invalid.
Line 134: The property name Campo in rfdExtensoB is invalid.
Line 135: The property name Caption in rfdExtensoB is invalid.
Line 153: The property name _ExtentX in rfdNominal is invalid.
Line 154: The property name _ExtentY in rfdNominal is invalid.
Line 155: The property name Campo in rfdNominal is invalid.
Line 156: The property name Caption in rfdNominal is invalid.
Line 174: The property name _ExtentX in rfdLocal is invalid.
Line 175: The property name _ExtentY in rfdLocal is invalid.
Line 176: The property name Campo in rfdLocal is invalid.
Line 177: The property name Caption in rfdLocal is invalid.
Line 195: The property name _ExtentX in rfdMes is invalid.
Line 196: The property name _ExtentY in rfdMes is invalid.
Line 197: The property name Campo in rfdMes is invalid.
Line 198: The property name Caption in rfdMes is invalid.
Line 199: The property name Alignment in rfdMes is invalid.
Line 217: The property name _ExtentX in rfdAno is invalid.
Line 218: The property name _ExtentY in rfdAno is invalid.
Line 219: The property name Campo in rfdAno is invalid.
Line 220: The property name Caption in rfdAno is invalid.
Line 238: The property name _ExtentX in rfdBancoCheque is invalid.
Line 239: The property name _ExtentY in rfdBancoCheque is invalid.
Line 240: The property name Campo in rfdBancoCheque is invalid.
Line 241: The property name Caption in rfdBancoCheque is invalid.
Line 242: The property name Alignment in rfdBancoCheque is invalid.
