Line 164: Class Fox.EBSText of control etxCodHist was not a loaded control class.
Line 188: Class Fox.EBSText of control etxDescricao was not a loaded control class.
Line 210: Class Fox.EBSText of control etxCompDescricao was not a loaded control class.
Line 294: Class Fox.EBSText of control etxBanco was not a loaded control class.
Line 170: The property name _ExtentX in etxCodHist is invalid.
Line 171: The property name _ExtentY in etxCodHist is invalid.
Line 172: The property name TipoTexto in etxCodHist is invalid.
Line 173: The property name MaxLength in etxCodHist is invalid.
Line 175: The property name TipoCriterio in etxCodHist is invalid.
Line 176: The property name Alinhamento in etxCodHist is invalid.
Line 186: The property name ExibeDescricao in etxCodHist is invalid.
Line 194: The property name _ExtentX in etxDescricao is invalid.
Line 195: The property name _ExtentY in etxDescricao is invalid.
Line 196: The property name Tipo in etxDescricao is invalid.
Line 197: The property name TipoTexto in etxDescricao is invalid.
Line 198: The property name MaxLength in etxDescricao is invalid.
Line 208: The property name ExibeDescricao in etxDescricao is invalid.
Line 216: The property name _ExtentX in etxCompDescricao is invalid.
Line 217: The property name _ExtentY in etxCompDescricao is invalid.
Line 218: The property name Tipo in etxCompDescricao is invalid.
Line 219: The property name TipoTexto in etxCompDescricao is invalid.
Line 220: The property name MaxLength in etxCompDescricao is invalid.
Line 230: The property name ExibeDescricao in etxCompDescricao is invalid.
Line 300: The property name _ExtentX in etxBanco is invalid.
Line 301: The property name _ExtentY in etxBanco is invalid.
Line 302: The property name TipoTexto in etxBanco is invalid.
Line 303: The property name MaxLength in etxBanco is invalid.
Line 304: The property name PossuiDescricao in etxBanco is invalid.
Line 305: The property name CampoCriterio in etxBanco is invalid.
Line 306: The property name TipoCriterio in etxBanco is invalid.
Line 307: The property name CampoDescricao in etxBanco is invalid.
Line 308: The property name TabelaConsulta in etxBanco is invalid.
Line 309: The property name Alinhamento in etxBanco is invalid.
