Line 94: Class ReportX_Wizard.ReportXW of control RXWLIB was not a loaded control class.
Line 100: Class ACTIVESKINLibCtl.Skin of control SKN was not a loaded control class.
Line 270: Class Fox.EBSSBCenter of control EBSSBCenter was not a loaded control class.
Line 318: Class Fox.EBSSideTab of control eST was not a loaded control class.
Line 361: Class Fox.EBSSideTab of control eST was not a loaded control class.
Line 404: Class Fox.EBSSideTab of control eST was not a loaded control class.
Line 447: Class Fox.EBSSideTab of control eST was not a loaded control class.
Line 490: Class Fox.EBSSideTab of control eST was not a loaded control class.
Line 533: Class Fox.EBSSideTab of control eST was not a loaded control class.
Line 97: The property name _ExtentX in RXWLIB is invalid.
Line 98: The property name _ExtentY in RXWLIB is invalid.
Line 102: The property name OleObjectBlob in SKN is invalid.
Line 277: The property name _ExtentX in EBSSBCenter is invalid.
Line 278: The property name _ExtentY in EBSSBCenter is invalid.
Line 279: The property name Caption in EBSSBCenter is invalid.
Line 291: The property name LarguraMinima in EBSSBCenter is invalid.
Line 325: The property name _ExtentX in eST is invalid.
Line 326: The property name _ExtentY in eST is invalid.
Line 327: The property name Caption in eST is invalid.
Line 340: The property name MaxHeight in eST is invalid.
Line 341: The property name BorderColor in eST is invalid.
Line 342: The property name ContractedForeColor in eST is invalid.
Line 343: The property name ExpandedForeColor in eST is invalid.
Line 368: The property name _ExtentX in eST is invalid.
Line 369: The property name _ExtentY in eST is invalid.
Line 370: The property name Caption in eST is invalid.
Line 383: The property name MaxHeight in eST is invalid.
Line 384: The property name BorderColor in eST is invalid.
Line 385: The property name ContractedForeColor in eST is invalid.
Line 386: The property name ExpandedForeColor in eST is invalid.
Line 411: The property name _ExtentX in eST is invalid.
Line 412: The property name _ExtentY in eST is invalid.
Line 413: The property name Caption in eST is invalid.
Line 426: The property name MaxHeight in eST is invalid.
Line 427: The property name BorderColor in eST is invalid.
Line 428: The property name ContractedForeColor in eST is invalid.
Line 429: The property name ExpandedForeColor in eST is invalid.
Line 454: The property name _ExtentX in eST is invalid.
Line 455: The property name _ExtentY in eST is invalid.
Line 456: The property name Caption in eST is invalid.
Line 469: The property name MaxHeight in eST is invalid.
Line 470: The property name BorderColor in eST is invalid.
Line 471: The property name ContractedForeColor in eST is invalid.
Line 472: The property name ExpandedForeColor in eST is invalid.
Line 497: The property name _ExtentX in eST is invalid.
Line 498: The property name _ExtentY in eST is invalid.
Line 499: The property name Caption in eST is invalid.
Line 512: The property name MaxHeight in eST is invalid.
Line 513: The property name BorderColor in eST is invalid.
Line 514: The property name ContractedForeColor in eST is invalid.
Line 515: The property name ExpandedForeColor in eST is invalid.
Line 540: The property name _ExtentX in eST is invalid.
Line 541: The property name _ExtentY in eST is invalid.
Line 542: The property name Caption in eST is invalid.
Line 555: The property name MaxHeight in eST is invalid.
Line 556: The property name BorderColor in eST is invalid.
Line 557: The property name ContractedForeColor in eST is invalid.
Line 558: The property name ExpandedForeColor in eST is invalid.
