Line 16: Class ReportX.ReportSection of control RodapeSaldo was not a loaded control class.
Line 26: Class ReportX.ReportField of control cmpFluxo was not a loaded control class.
Line 48: Class ReportX.ReportField of control cmpFluxo was not a loaded control class.
Line 74: Class ReportX.ReportField of control cmpFluxo was not a loaded control class.
Line 100: Class ReportX.ReportField of control cmpFluxo was not a loaded control class.
Line 122: Class ReportX.ReportField of control cmpFluxo was not a loaded control class.
Line 145: Class ReportX.ReportField of control cmpFluxo was not a loaded control class.
Line 168: Class ReportX.ReportField of control cmpFluxo was not a loaded control class.
Line 191: Class ReportX.ReportField of control cmpFluxo was not a loaded control class.
Line 214: Class ReportX.ReportField of control cmpFluxo was not a loaded control class.
Line 237: Class ReportX.ReportField of control cmpFluxo was not a loaded control class.
Line 260: Class ReportX.ReportField of control cmpFluxo was not a loaded control class.
Line 283: Class ReportX.ReportField of control cmpFluxo was not a loaded control class.
Line 310: Class ReportX.ReportField of control cmpFluxo was not a loaded control class.
Line 337: Class ReportX.ReportField of control cmpFluxo was not a loaded control class.
Line 364: Class ReportX.ReportField of control cmpFluxo was not a loaded control class.
Line 391: Class ReportX.ReportField of control cmpFluxo was not a loaded control class.
Line 418: Class ReportX.ReportField of control cmpFluxo was not a loaded control class.
Line 445: Class ReportX.ReportField of control cmpFluxo was not a loaded control class.
Line 472: Class ReportX.ReportField of control cmpFluxo was not a loaded control class.
Line 499: Class ReportX.ReportField of control cmpFluxo was not a loaded control class.
Line 526: Class ReportX.ReportField of control cmpFluxo was not a loaded control class.
Line 553: Class ReportX.ReportField of control cmpFluxo was not a loaded control class.
Line 575: Class ReportX.ReportField of control cmpFluxo was not a loaded control class.
Line 601: Class ReportX.ReportField of control cmpFluxo was not a loaded control class.
Line 624: Class ReportX.ReportField of control cmpFluxo was not a loaded control class.
Line 677: Class ReportX.ReportSection of control RodapeData was not a loaded control class.
Line 687: Class ReportX.ReportField of control cmpFluxo was not a loaded control class.
Line 709: Class ReportX.ReportField of control cmpFluxo was not a loaded control class.
Line 735: Class ReportX.ReportField of control cmpFluxo was not a loaded control class.
Line 761: Class ReportX.ReportField of control cmpFluxo was not a loaded control class.
Line 783: Class ReportX.ReportField of control cmpFluxo was not a loaded control class.
Line 807: Class ReportX.ReportField of control cmpFluxo was not a loaded control class.
Line 834: Class ReportX.ReportSection of control QuebraData was not a loaded control class.
Line 844: Class ReportX.ReportField of control cmpFluxo was not a loaded control class.
Line 865: Class ReportX.ReportField of control cmpFluxo was not a loaded control class.
Line 896: Class ReportX.ReportSection of control QuebraSaldo was not a loaded control class.
Line 906: Class ReportX.ReportField of control cmpFluxo was not a loaded control class.
Line 927: Class ReportX.ReportField of control cmpFluxo was not a loaded control class.
Line 950: Class ReportX.ReportField of control cmpFluxo was not a loaded control class.
Line 972: Class ReportX.ReportField of control cmpFluxo was not a loaded control class.
Line 993: Class ReportX.ReportField of control cmpFluxo was not a loaded control class.
Line 1026: Class ReportX.ReportSection of control RodapeCabecalho was not a loaded control class.
Line 1037: Class ReportX.ReportSection of control Detalhe was not a loaded control class.
Line 1046: Class ReportX.ReportField of control cmpFluxo was not a loaded control class.
Line 1068: Class ReportX.ReportField of control cmpFluxo was not a loaded control class.
Line 1091: Class ReportX.ReportField of control cmpFluxo was not a loaded control class.
Line 1113: Class ReportX.ReportField of control cmpFluxo was not a loaded control class.
Line 1135: Class ReportX.ReportField of control cmpFluxo was not a loaded control class.
Line 1157: Class ReportX.ReportField of control cmpFluxo was not a loaded control class.
Line 1180: Class ReportX.ReportField of control cmpFluxo was not a loaded control class.
Line 1204: Class ReportX.ReportField of control cmpFluxo was not a loaded control class.
Line 1228: Class ReportX.ReportField of control cmpFluxo was not a loaded control class.
Line 1252: Class ReportX.ReportField of control cmpFluxo was not a loaded control class.
Line 1277: Class ReportX.ReportField of control cmpFluxo was not a loaded control class.
Line 1302: Class ReportX.ReportField of control cmpFluxo was not a loaded control class.
Line 1324: Class ReportX.ReportField of control cmpFluxo was not a loaded control class.
Line 1347: Class ReportX.ReportField of control cmpFluxo was not a loaded control class.
Line 1369: Class ReportX.ReportField of control cmpFluxo was not a loaded control class.
Line 1392: Class ReportX.ReportField of control cmpFluxo was not a loaded control class.
Line 1414: Class ReportX.ReportField of control cmpFluxo was not a loaded control class.
Line 1438: Class ReportX.ReportField of control cmpFluxo was not a loaded control class.
Line 1461: Class ReportX.ReportSection of control QuebraCabecalho was not a loaded control class.
Line 1471: Class ReportX.ReportField of control cmpFluxo was not a loaded control class.
Line 1492: Class ReportX.ReportField of control cmpFluxo was not a loaded control class.
Line 1513: Class ReportX.ReportField of control cmpFluxo was not a loaded control class.
Line 1534: Class ReportX.ReportField of control cmpFluxo was not a loaded control class.
Line 1555: Class ReportX.ReportField of control cmpFluxo was not a loaded control class.
Line 1576: Class ReportX.ReportField of control cmpFluxo was not a loaded control class.
Line 1598: Class ReportX.ReportField of control cmpFluxo was not a loaded control class.
Line 1619: Class ReportX.ReportField of control cmpFluxo was not a loaded control class.
Line 1641: Class ReportX.ReportField of control cmpFluxo was not a loaded control class.
Line 1663: Class ReportX.ReportField of control cmpFluxo was not a loaded control class.
Line 1685: Class ReportX.ReportField of control cmpFluxo was not a loaded control class.
Line 1708: Class ReportX.ReportMain of control Imprimir was not a loaded control class.
Line 1726: Class ReportX.ReportSection of control Titulo was not a loaded control class.
Line 1735: Class ReportX.ReportField of control Campo was not a loaded control class.
Line 1760: Class ReportX.ReportField of control Campo was not a loaded control class.
Line 1786: Class ReportX.ReportField of control Campo was not a loaded control class.
Line 1807: Class ReportX.ReportField of control Campo was not a loaded control class.
Line 1831: Class ReportX.ReportField of control Campo was not a loaded control class.
Line 1855: Class ReportX.ReportField of control Campo was not a loaded control class.
Line 1879: Class ReportX.ReportField of control Campo was not a loaded control class.
Line 1903: Class ReportX.ReportField of control Campo was not a loaded control class.
Line 22: The property name _ExtentX in RodapeSaldo is invalid.
Line 23: The property name _ExtentY in RodapeSaldo is invalid.
Line 24: The property name Tipo in RodapeSaldo is invalid.
Line 25: The property name Ordem in RodapeSaldo is invalid.
Line 33: The property name _ExtentX in cmpFluxo is invalid.
Line 34: The property name _ExtentY in cmpFluxo is invalid.
Line 35: The property name Caption in cmpFluxo is invalid.
Line 36: The property name Alignment in cmpFluxo is invalid.
Line 55: The property name _ExtentX in cmpFluxo is invalid.
Line 56: The property name _ExtentY in cmpFluxo is invalid.
Line 57: The property name Campo in cmpFluxo is invalid.
Line 58: The property name Formato in cmpFluxo is invalid.
Line 59: The property name Caption in cmpFluxo is invalid.
Line 60: The property name TipoCampo in cmpFluxo is invalid.
Line 61: The property name Formula in cmpFluxo is invalid.
Line 62: The property name Alignment in cmpFluxo is invalid.
Line 81: The property name _ExtentX in cmpFluxo is invalid.
Line 82: The property name _ExtentY in cmpFluxo is invalid.
Line 83: The property name Campo in cmpFluxo is invalid.
Line 84: The property name Formato in cmpFluxo is invalid.
Line 85: The property name Caption in cmpFluxo is invalid.
Line 86: The property name TipoCampo in cmpFluxo is invalid.
Line 87: The property name Formula in cmpFluxo is invalid.
Line 88: The property name Alignment in cmpFluxo is invalid.
Line 107: The property name _ExtentX in cmpFluxo is invalid.
Line 108: The property name _ExtentY in cmpFluxo is invalid.
Line 109: The property name Caption in cmpFluxo is invalid.
Line 110: The property name Mostrar in cmpFluxo is invalid.
Line 129: The property name _ExtentX in cmpFluxo is invalid.
Line 130: The property name _ExtentY in cmpFluxo is invalid.
Line 131: The property name Caption in cmpFluxo is invalid.
Line 132: The property name Alignment in cmpFluxo is invalid.
Line 133: The property name Mostrar in cmpFluxo is invalid.
Line 152: The property name _ExtentX in cmpFluxo is invalid.
Line 153: The property name _ExtentY in cmpFluxo is invalid.
Line 154: The property name Caption in cmpFluxo is invalid.
Line 155: The property name Alignment in cmpFluxo is invalid.
Line 156: The property name Mostrar in cmpFluxo is invalid.
Line 175: The property name _ExtentX in cmpFluxo is invalid.
Line 176: The property name _ExtentY in cmpFluxo is invalid.
Line 177: The property name Caption in cmpFluxo is invalid.
Line 178: The property name Alignment in cmpFluxo is invalid.
Line 179: The property name Mostrar in cmpFluxo is invalid.
Line 198: The property name _ExtentX in cmpFluxo is invalid.
Line 199: The property name _ExtentY in cmpFluxo is invalid.
Line 200: The property name Caption in cmpFluxo is invalid.
Line 201: The property name Alignment in cmpFluxo is invalid.
Line 202: The property name Mostrar in cmpFluxo is invalid.
Line 221: The property name _ExtentX in cmpFluxo is invalid.
Line 222: The property name _ExtentY in cmpFluxo is invalid.
Line 223: The property name Caption in cmpFluxo is invalid.
Line 224: The property name Alignment in cmpFluxo is invalid.
Line 225: The property name Mostrar in cmpFluxo is invalid.
Line 244: The property name _ExtentX in cmpFluxo is invalid.
Line 245: The property name _ExtentY in cmpFluxo is invalid.
Line 246: The property name Caption in cmpFluxo is invalid.
Line 247: The property name Alignment in cmpFluxo is invalid.
Line 248: The property name Mostrar in cmpFluxo is invalid.
Line 267: The property name _ExtentX in cmpFluxo is invalid.
Line 268: The property name _ExtentY in cmpFluxo is invalid.
Line 269: The property name Caption in cmpFluxo is invalid.
Line 270: The property name Alignment in cmpFluxo is invalid.
Line 271: The property name Mostrar in cmpFluxo is invalid.
Line 290: The property name _ExtentX in cmpFluxo is invalid.
Line 291: The property name _ExtentY in cmpFluxo is invalid.
Line 292: The property name Campo in cmpFluxo is invalid.
Line 293: The property name Formato in cmpFluxo is invalid.
Line 294: The property name Caption in cmpFluxo is invalid.
Line 295: The property name TipoCampo in cmpFluxo is invalid.
Line 296: The property name Formula in cmpFluxo is invalid.
Line 297: The property name Alignment in cmpFluxo is invalid.
Line 298: The property name Mostrar in cmpFluxo is invalid.
Line 317: The property name _ExtentX in cmpFluxo is invalid.
Line 318: The property name _ExtentY in cmpFluxo is invalid.
Line 319: The property name Campo in cmpFluxo is invalid.
Line 320: The property name Formato in cmpFluxo is invalid.
Line 321: The property name Caption in cmpFluxo is invalid.
Line 322: The property name TipoCampo in cmpFluxo is invalid.
Line 323: The property name Formula in cmpFluxo is invalid.
Line 324: The property name Alignment in cmpFluxo is invalid.
Line 325: The property name Mostrar in cmpFluxo is invalid.
Line 344: The property name _ExtentX in cmpFluxo is invalid.
Line 345: The property name _ExtentY in cmpFluxo is invalid.
Line 346: The property name Campo in cmpFluxo is invalid.
Line 347: The property name Formato in cmpFluxo is invalid.
Line 348: The property name Caption in cmpFluxo is invalid.
Line 349: The property name TipoCampo in cmpFluxo is invalid.
Line 350: The property name Formula in cmpFluxo is invalid.
Line 351: The property name Alignment in cmpFluxo is invalid.
Line 352: The property name Mostrar in cmpFluxo is invalid.
Line 371: The property name _ExtentX in cmpFluxo is invalid.
Line 372: The property name _ExtentY in cmpFluxo is invalid.
Line 373: The property name Campo in cmpFluxo is invalid.
Line 374: The property name Formato in cmpFluxo is invalid.
Line 375: The property name Caption in cmpFluxo is invalid.
Line 376: The property name TipoCampo in cmpFluxo is invalid.
Line 377: The property name Formula in cmpFluxo is invalid.
Line 378: The property name Alignment in cmpFluxo is invalid.
Line 379: The property name Mostrar in cmpFluxo is invalid.
Line 398: The property name _ExtentX in cmpFluxo is invalid.
Line 399: The property name _ExtentY in cmpFluxo is invalid.
Line 400: The property name Campo in cmpFluxo is invalid.
Line 401: The property name Formato in cmpFluxo is invalid.
Line 402: The property name Caption in cmpFluxo is invalid.
Line 403: The property name TipoCampo in cmpFluxo is invalid.
Line 404: The property name Formula in cmpFluxo is invalid.
Line 405: The property name Alignment in cmpFluxo is invalid.
Line 406: The property name Mostrar in cmpFluxo is invalid.
Line 425: The property name _ExtentX in cmpFluxo is invalid.
Line 426: The property name _ExtentY in cmpFluxo is invalid.
Line 427: The property name Campo in cmpFluxo is invalid.
Line 428: The property name Formato in cmpFluxo is invalid.
Line 429: The property name Caption in cmpFluxo is invalid.
Line 430: The property name TipoCampo in cmpFluxo is invalid.
Line 431: The property name Formula in cmpFluxo is invalid.
Line 432: The property name Alignment in cmpFluxo is invalid.
Line 433: The property name Mostrar in cmpFluxo is invalid.
Line 452: The property name _ExtentX in cmpFluxo is invalid.
Line 453: The property name _ExtentY in cmpFluxo is invalid.
Line 454: The property name Campo in cmpFluxo is invalid.
Line 455: The property name Formato in cmpFluxo is invalid.
Line 456: The property name Caption in cmpFluxo is invalid.
Line 457: The property name TipoCampo in cmpFluxo is invalid.
Line 458: The property name Formula in cmpFluxo is invalid.
Line 459: The property name Alignment in cmpFluxo is invalid.
Line 460: The property name Mostrar in cmpFluxo is invalid.
Line 479: The property name _ExtentX in cmpFluxo is invalid.
Line 480: The property name _ExtentY in cmpFluxo is invalid.
Line 481: The property name Campo in cmpFluxo is invalid.
Line 482: The property name Formato in cmpFluxo is invalid.
Line 483: The property name Caption in cmpFluxo is invalid.
Line 484: The property name TipoCampo in cmpFluxo is invalid.
Line 485: The property name Formula in cmpFluxo is invalid.
Line 486: The property name Alignment in cmpFluxo is invalid.
Line 487: The property name Mostrar in cmpFluxo is invalid.
Line 506: The property name _ExtentX in cmpFluxo is invalid.
Line 507: The property name _ExtentY in cmpFluxo is invalid.
Line 508: The property name Campo in cmpFluxo is invalid.
Line 509: The property name Formato in cmpFluxo is invalid.
Line 510: The property name Caption in cmpFluxo is invalid.
Line 511: The property name TipoCampo in cmpFluxo is invalid.
Line 512: The property name Formula in cmpFluxo is invalid.
Line 513: The property name Alignment in cmpFluxo is invalid.
Line 514: The property name Mostrar in cmpFluxo is invalid.
Line 533: The property name _ExtentX in cmpFluxo is invalid.
Line 534: The property name _ExtentY in cmpFluxo is invalid.
Line 535: The property name Campo in cmpFluxo is invalid.
Line 536: The property name Formato in cmpFluxo is invalid.
Line 537: The property name Caption in cmpFluxo is invalid.
Line 538: The property name TipoCampo in cmpFluxo is invalid.
Line 539: The property name Formula in cmpFluxo is invalid.
Line 540: The property name Alignment in cmpFluxo is invalid.
Line 541: The property name Mostrar in cmpFluxo is invalid.
Line 560: The property name _ExtentX in cmpFluxo is invalid.
Line 561: The property name _ExtentY in cmpFluxo is invalid.
Line 562: The property name Caption in cmpFluxo is invalid.
Line 563: The property name Alignment in cmpFluxo is invalid.
Line 582: The property name _ExtentX in cmpFluxo is invalid.
Line 583: The property name _ExtentY in cmpFluxo is invalid.
Line 584: The property name Campo in cmpFluxo is invalid.
Line 585: The property name Formato in cmpFluxo is invalid.
Line 586: The property name Caption in cmpFluxo is invalid.
Line 587: The property name TipoCampo in cmpFluxo is invalid.
Line 588: The property name Formula in cmpFluxo is invalid.
Line 589: The property name Alignment in cmpFluxo is invalid.
Line 608: The property name _ExtentX in cmpFluxo is invalid.
Line 609: The property name _ExtentY in cmpFluxo is invalid.
Line 610: The property name Caption in cmpFluxo is invalid.
Line 611: The property name Alignment in cmpFluxo is invalid.
Line 612: The property name Mostrar in cmpFluxo is invalid.
Line 631: The property name _ExtentX in cmpFluxo is invalid.
Line 632: The property name _ExtentY in cmpFluxo is invalid.
Line 633: The property name Campo in cmpFluxo is invalid.
Line 634: The property name Formato in cmpFluxo is invalid.
Line 635: The property name Caption in cmpFluxo is invalid.
Line 636: The property name TipoCampo in cmpFluxo is invalid.
Line 637: The property name Formula in cmpFluxo is invalid.
Line 638: The property name Alignment in cmpFluxo is invalid.
Line 639: The property name Mostrar in cmpFluxo is invalid.
Line 683: The property name _ExtentX in RodapeData is invalid.
Line 684: The property name _ExtentY in RodapeData is invalid.
Line 685: The property name Tipo in RodapeData is invalid.
Line 686: The property name Ordem in RodapeData is invalid.
Line 694: The property name _ExtentX in cmpFluxo is invalid.
Line 695: The property name _ExtentY in cmpFluxo is invalid.
Line 696: The property name Caption in cmpFluxo is invalid.
Line 697: The property name Alignment in cmpFluxo is invalid.
Line 716: The property name _ExtentX in cmpFluxo is invalid.
Line 717: The property name _ExtentY in cmpFluxo is invalid.
Line 718: The property name Campo in cmpFluxo is invalid.
Line 719: The property name Formato in cmpFluxo is invalid.
Line 720: The property name Caption in cmpFluxo is invalid.
Line 721: The property name TipoCampo in cmpFluxo is invalid.
Line 722: The property name Formula in cmpFluxo is invalid.
Line 723: The property name Alignment in cmpFluxo is invalid.
Line 742: The property name _ExtentX in cmpFluxo is invalid.
Line 743: The property name _ExtentY in cmpFluxo is invalid.
Line 744: The property name Campo in cmpFluxo is invalid.
Line 745: The property name Formato in cmpFluxo is invalid.
Line 746: The property name Caption in cmpFluxo is invalid.
Line 747: The property name TipoCampo in cmpFluxo is invalid.
Line 748: The property name Formula in cmpFluxo is invalid.
Line 749: The property name Alignment in cmpFluxo is invalid.
Line 768: The property name _ExtentX in cmpFluxo is invalid.
Line 769: The property name _ExtentY in cmpFluxo is invalid.
Line 770: The property name Caption in cmpFluxo is invalid.
Line 771: The property name Alignment in cmpFluxo is invalid.
Line 790: The property name _ExtentX in cmpFluxo is invalid.
Line 791: The property name _ExtentY in cmpFluxo is invalid.
Line 792: The property name Campo in cmpFluxo is invalid.
Line 793: The property name Caption in cmpFluxo is invalid.
Line 794: The property name Formula in cmpFluxo is invalid.
Line 795: The property name Alignment in cmpFluxo is invalid.
Line 814: The property name _ExtentX in cmpFluxo is invalid.
Line 815: The property name _ExtentY in cmpFluxo is invalid.
Line 816: The property name Campo in cmpFluxo is invalid.
Line 817: The property name Formato in cmpFluxo is invalid.
Line 818: The property name Caption in cmpFluxo is invalid.
Line 819: The property name TipoCampo in cmpFluxo is invalid.
Line 820: The property name Formula in cmpFluxo is invalid.
Line 821: The property name Alignment in cmpFluxo is invalid.
Line 840: The property name _ExtentX in QuebraData is invalid.
Line 841: The property name _ExtentY in QuebraData is invalid.
Line 842: The property name Tipo in QuebraData is invalid.
Line 843: The property name Ordem in QuebraData is invalid.
Line 851: The property name _ExtentX in cmpFluxo is invalid.
Line 852: The property name _ExtentY in cmpFluxo is invalid.
Line 853: The property name Caption in cmpFluxo is invalid.
Line 872: The property name _ExtentX in cmpFluxo is invalid.
Line 873: The property name _ExtentY in cmpFluxo is invalid.
Line 874: The property name Campo in cmpFluxo is invalid.
Line 875: The property name Caption in cmpFluxo is invalid.
Line 902: The property name _ExtentX in QuebraSaldo is invalid.
Line 903: The property name _ExtentY in QuebraSaldo is invalid.
Line 904: The property name Tipo in QuebraSaldo is invalid.
Line 905: The property name Ordem in QuebraSaldo is invalid.
Line 913: The property name _ExtentX in cmpFluxo is invalid.
Line 914: The property name _ExtentY in cmpFluxo is invalid.
Line 915: The property name Caption in cmpFluxo is invalid.
Line 934: The property name _ExtentX in cmpFluxo is invalid.
Line 935: The property name _ExtentY in cmpFluxo is invalid.
Line 936: The property name Campo in cmpFluxo is invalid.
Line 937: The property name Caption in cmpFluxo is invalid.
Line 938: The property name Formula in cmpFluxo is invalid.
Line 957: The property name _ExtentX in cmpFluxo is invalid.
Line 958: The property name _ExtentY in cmpFluxo is invalid.
Line 959: The property name Campo in cmpFluxo is invalid.
Line 960: The property name Caption in cmpFluxo is invalid.
Line 979: The property name _ExtentX in cmpFluxo is invalid.
Line 980: The property name _ExtentY in cmpFluxo is invalid.
Line 981: The property name Caption in cmpFluxo is invalid.
Line 1000: The property name _ExtentX in cmpFluxo is invalid.
Line 1001: The property name _ExtentY in cmpFluxo is invalid.
Line 1002: The property name Campo in cmpFluxo is invalid.
Line 1003: The property name Formato in cmpFluxo is invalid.
Line 1004: The property name Caption in cmpFluxo is invalid.
Line 1005: The property name TipoCampo in cmpFluxo is invalid.
Line 1006: The property name Formula in cmpFluxo is invalid.
Line 1007: The property name Alignment in cmpFluxo is invalid.
Line 1032: The property name _ExtentX in RodapeCabecalho is invalid.
Line 1033: The property name _ExtentY in RodapeCabecalho is invalid.
Line 1034: The property name Tipo in RodapeCabecalho is invalid.
Line 1035: The property name Ordem in RodapeCabecalho is invalid.
Line 1043: The property name _ExtentX in Detalhe is invalid.
Line 1044: The property name _ExtentY in Detalhe is invalid.
Line 1045: The property name Ordem in Detalhe is invalid.
Line 1053: The property name _ExtentX in cmpFluxo is invalid.
Line 1054: The property name _ExtentY in cmpFluxo is invalid.
Line 1055: The property name Campo in cmpFluxo is invalid.
Line 1056: The property name Caption in cmpFluxo is invalid.
Line 1075: The property name _ExtentX in cmpFluxo is invalid.
Line 1076: The property name _ExtentY in cmpFluxo is invalid.
Line 1077: The property name Campo in cmpFluxo is invalid.
Line 1078: The property name Caption in cmpFluxo is invalid.
Line 1079: The property name Formula in cmpFluxo is invalid.
Line 1098: The property name _ExtentX in cmpFluxo is invalid.
Line 1099: The property name _ExtentY in cmpFluxo is invalid.
Line 1100: The property name Campo in cmpFluxo is invalid.
Line 1101: The property name Caption in cmpFluxo is invalid.
Line 1120: The property name _ExtentX in cmpFluxo is invalid.
Line 1121: The property name _ExtentY in cmpFluxo is invalid.
Line 1122: The property name Campo in cmpFluxo is invalid.
Line 1123: The property name Caption in cmpFluxo is invalid.
Line 1142: The property name _ExtentX in cmpFluxo is invalid.
Line 1143: The property name _ExtentY in cmpFluxo is invalid.
Line 1144: The property name Campo in cmpFluxo is invalid.
Line 1145: The property name Caption in cmpFluxo is invalid.
Line 1164: The property name _ExtentX in cmpFluxo is invalid.
Line 1165: The property name _ExtentY in cmpFluxo is invalid.
Line 1166: The property name Campo in cmpFluxo is invalid.
Line 1167: The property name Caption in cmpFluxo is invalid.
Line 1168: The property name Alignment in cmpFluxo is invalid.
Line 1187: The property name _ExtentX in cmpFluxo is invalid.
Line 1188: The property name _ExtentY in cmpFluxo is invalid.
Line 1189: The property name Campo in cmpFluxo is invalid.
Line 1190: The property name Caption in cmpFluxo is invalid.
Line 1191: The property name Formula in cmpFluxo is invalid.
Line 1192: The property name Alignment in cmpFluxo is invalid.
Line 1211: The property name _ExtentX in cmpFluxo is invalid.
Line 1212: The property name _ExtentY in cmpFluxo is invalid.
Line 1213: The property name Campo in cmpFluxo is invalid.
Line 1214: The property name Caption in cmpFluxo is invalid.
Line 1215: The property name Formula in cmpFluxo is invalid.
Line 1216: The property name Alignment in cmpFluxo is invalid.
Line 1235: The property name _ExtentX in cmpFluxo is invalid.
Line 1236: The property name _ExtentY in cmpFluxo is invalid.
Line 1237: The property name Campo in cmpFluxo is invalid.
Line 1238: The property name Caption in cmpFluxo is invalid.
Line 1239: The property name Formula in cmpFluxo is invalid.
Line 1240: The property name Alignment in cmpFluxo is invalid.
Line 1259: The property name _ExtentX in cmpFluxo is invalid.
Line 1260: The property name _ExtentY in cmpFluxo is invalid.
Line 1261: The property name Campo in cmpFluxo is invalid.
Line 1262: The property name Formato in cmpFluxo is invalid.
Line 1263: The property name Caption in cmpFluxo is invalid.
Line 1264: The property name TipoCampo in cmpFluxo is invalid.
Line 1265: The property name Alignment in cmpFluxo is invalid.
Line 1284: The property name _ExtentX in cmpFluxo is invalid.
Line 1285: The property name _ExtentY in cmpFluxo is invalid.
Line 1286: The property name Campo in cmpFluxo is invalid.
Line 1287: The property name Formato in cmpFluxo is invalid.
Line 1288: The property name Caption in cmpFluxo is invalid.
Line 1289: The property name TipoCampo in cmpFluxo is invalid.
Line 1290: The property name Alignment in cmpFluxo is invalid.
Line 1309: The property name _ExtentX in cmpFluxo is invalid.
Line 1310: The property name _ExtentY in cmpFluxo is invalid.
Line 1311: The property name Caption in cmpFluxo is invalid.
Line 1312: The property name Mostrar in cmpFluxo is invalid.
Line 1331: The property name _ExtentX in cmpFluxo is invalid.
Line 1332: The property name _ExtentY in cmpFluxo is invalid.
Line 1333: The property name Campo in cmpFluxo is invalid.
Line 1334: The property name Caption in cmpFluxo is invalid.
Line 1335: The property name Mostrar in cmpFluxo is invalid.
Line 1354: The property name _ExtentX in cmpFluxo is invalid.
Line 1355: The property name _ExtentY in cmpFluxo is invalid.
Line 1356: The property name Caption in cmpFluxo is invalid.
Line 1357: The property name Mostrar in cmpFluxo is invalid.
Line 1376: The property name _ExtentX in cmpFluxo is invalid.
Line 1377: The property name _ExtentY in cmpFluxo is invalid.
Line 1378: The property name Campo in cmpFluxo is invalid.
Line 1379: The property name Caption in cmpFluxo is invalid.
Line 1380: The property name Mostrar in cmpFluxo is invalid.
Line 1399: The property name _ExtentX in cmpFluxo is invalid.
Line 1400: The property name _ExtentY in cmpFluxo is invalid.
Line 1401: The property name Caption in cmpFluxo is invalid.
Line 1402: The property name Mostrar in cmpFluxo is invalid.
Line 1421: The property name _ExtentX in cmpFluxo is invalid.
Line 1422: The property name _ExtentY in cmpFluxo is invalid.
Line 1423: The property name Campo in cmpFluxo is invalid.
Line 1424: The property name Caption in cmpFluxo is invalid.
Line 1425: The property name Formula in cmpFluxo is invalid.
Line 1426: The property name Mostrar in cmpFluxo is invalid.
Line 1445: The property name _ExtentX in cmpFluxo is invalid.
Line 1446: The property name _ExtentY in cmpFluxo is invalid.
Line 1447: The property name Campo in cmpFluxo is invalid.
Line 1448: The property name Caption in cmpFluxo is invalid.
Line 1467: The property name _ExtentX in QuebraCabecalho is invalid.
Line 1468: The property name _ExtentY in QuebraCabecalho is invalid.
Line 1469: The property name Tipo in QuebraCabecalho is invalid.
Line 1470: The property name Ordem in QuebraCabecalho is invalid.
Line 1478: The property name _ExtentX in cmpFluxo is invalid.
Line 1479: The property name _ExtentY in cmpFluxo is invalid.
Line 1480: The property name Caption in cmpFluxo is invalid.
Line 1499: The property name _ExtentX in cmpFluxo is invalid.
Line 1500: The property name _ExtentY in cmpFluxo is invalid.
Line 1501: The property name Caption in cmpFluxo is invalid.
Line 1520: The property name _ExtentX in cmpFluxo is invalid.
Line 1521: The property name _ExtentY in cmpFluxo is invalid.
Line 1522: The property name Caption in cmpFluxo is invalid.
Line 1541: The property name _ExtentX in cmpFluxo is invalid.
Line 1542: The property name _ExtentY in cmpFluxo is invalid.
Line 1543: The property name Caption in cmpFluxo is invalid.
Line 1562: The property name _ExtentX in cmpFluxo is invalid.
Line 1563: The property name _ExtentY in cmpFluxo is invalid.
Line 1564: The property name Caption in cmpFluxo is invalid.
Line 1583: The property name _ExtentX in cmpFluxo is invalid.
Line 1584: The property name _ExtentY in cmpFluxo is invalid.
Line 1585: The property name Caption in cmpFluxo is invalid.
Line 1586: The property name Alignment in cmpFluxo is invalid.
Line 1605: The property name _ExtentX in cmpFluxo is invalid.
Line 1606: The property name _ExtentY in cmpFluxo is invalid.
Line 1607: The property name Caption in cmpFluxo is invalid.
Line 1626: The property name _ExtentX in cmpFluxo is invalid.
Line 1627: The property name _ExtentY in cmpFluxo is invalid.
Line 1628: The property name Caption in cmpFluxo is invalid.
Line 1629: The property name Alignment in cmpFluxo is invalid.
Line 1648: The property name _ExtentX in cmpFluxo is invalid.
Line 1649: The property name _ExtentY in cmpFluxo is invalid.
Line 1650: The property name Caption in cmpFluxo is invalid.
Line 1651: The property name Alignment in cmpFluxo is invalid.
Line 1670: The property name _ExtentX in cmpFluxo is invalid.
Line 1671: The property name _ExtentY in cmpFluxo is invalid.
Line 1672: The property name Caption in cmpFluxo is invalid.
Line 1673: The property name Alignment in cmpFluxo is invalid.
Line 1692: The property name _ExtentX in cmpFluxo is invalid.
Line 1693: The property name _ExtentY in cmpFluxo is invalid.
Line 1694: The property name Caption in cmpFluxo is invalid.
Line 1695: The property name Alignment in cmpFluxo is invalid.
Line 1714: The property name _ExtentX in Imprimir is invalid.
Line 1715: The property name _ExtentY in Imprimir is invalid.
Line 1716: The property name Pagina in Imprimir is invalid.
Line 1717: The property name Divisao in Imprimir is invalid.
Line 1718: The property name Regua in Imprimir is invalid.
Line 1719: The property name MargemEsquerda in Imprimir is invalid.
Line 1720: The property name MargemDireita in Imprimir is invalid.
Line 1721: The property name MargemSuperior in Imprimir is invalid.
Line 1722: The property name MargemInferior in Imprimir is invalid.
Line 1723: The property name Titulo in Imprimir is invalid.
Line 1724: The property name HTMLUnico in Imprimir is invalid.
Line 1732: The property name _ExtentX in Titulo is invalid.
Line 1733: The property name _ExtentY in Titulo is invalid.
Line 1734: The property name Tipo in Titulo is invalid.
Line 1742: The property name _ExtentX in Campo is invalid.
Line 1743: The property name _ExtentY in Campo is invalid.
Line 1744: The property name Formato in Campo is invalid.
Line 1745: The property name Caption in Campo is invalid.
Line 1746: The property name TipoCampo in Campo is invalid.
Line 1747: The property name Formula in Campo is invalid.
Line 1748: The property name Alignment in Campo is invalid.
Line 1767: The property name _ExtentX in Campo is invalid.
Line 1768: The property name _ExtentY in Campo is invalid.
Line 1769: The property name Campo in Campo is invalid.
Line 1770: The property name Formato in Campo is invalid.
Line 1771: The property name Caption in Campo is invalid.
Line 1772: The property name TipoCampo in Campo is invalid.
Line 1773: The property name Formula in Campo is invalid.
Line 1774: The property name Alignment in Campo is invalid.
Line 1793: The property name _ExtentX in Campo is invalid.
Line 1794: The property name _ExtentY in Campo is invalid.
Line 1795: The property name Caption in Campo is invalid.
Line 1814: The property name _ExtentX in Campo is invalid.
Line 1815: The property name _ExtentY in Campo is invalid.
Line 1816: The property name Campo in Campo is invalid.
Line 1817: The property name Caption in Campo is invalid.
Line 1818: The property name Formula in Campo is invalid.
Line 1819: The property name Alignment in Campo is invalid.
Line 1838: The property name _ExtentX in Campo is invalid.
Line 1839: The property name _ExtentY in Campo is invalid.
Line 1840: The property name Campo in Campo is invalid.
Line 1841: The property name Caption in Campo is invalid.
Line 1842: The property name Formula in Campo is invalid.
Line 1843: The property name Alignment in Campo is invalid.
Line 1862: The property name _ExtentX in Campo is invalid.
Line 1863: The property name _ExtentY in Campo is invalid.
Line 1864: The property name Campo in Campo is invalid.
Line 1865: The property name Caption in Campo is invalid.
Line 1866: The property name Formula in Campo is invalid.
Line 1867: The property name Alignment in Campo is invalid.
Line 1886: The property name _ExtentX in Campo is invalid.
Line 1887: The property name _ExtentY in Campo is invalid.
Line 1888: The property name Campo in Campo is invalid.
Line 1889: The property name Caption in Campo is invalid.
Line 1890: The property name Formula in Campo is invalid.
Line 1891: The property name Alignment in Campo is invalid.
Line 1910: The property name _ExtentX in Campo is invalid.
Line 1911: The property name _ExtentY in Campo is invalid.
Line 1912: The property name Campo in Campo is invalid.
Line 1913: The property name Caption in Campo is invalid.
Line 1914: The property name Formula in Campo is invalid.
Line 1915: The property name Alignment in Campo is invalid.
