Line 16: Class ReportX.ReportSection of control RodapeSaldo was not a loaded control class.
Line 26: Class ReportX.ReportField of control cmpFluxo was not a loaded control class.
Line 48: Class ReportX.ReportField of control cmpFluxo was not a loaded control class.
Line 74: Class ReportX.ReportField of control cmpFluxo was not a loaded control class.
Line 100: Class ReportX.ReportField of control cmpFluxo was not a loaded control class.
Line 122: Class ReportX.ReportField of control cmpFluxo was not a loaded control class.
Line 148: Class ReportX.ReportField of control cmpFluxo was not a loaded control class.
Line 174: Class ReportX.ReportField of control cmpFluxo was not a loaded control class.
Line 196: Class ReportX.ReportField of control cmpFluxo was not a loaded control class.
Line 222: Class ReportX.ReportField of control cmpFluxo was not a loaded control class.
Line 244: Class ReportX.ReportField of control cmpFluxo was not a loaded control class.
Line 270: Class ReportX.ReportField of control cmpFluxo was not a loaded control class.
Line 313: Class ReportX.ReportSection of control QuebraSaldo was not a loaded control class.
Line 323: Class ReportX.ReportField of control cmpFluxo was not a loaded control class.
Line 344: Class ReportX.ReportField of control cmpFluxo was not a loaded control class.
Line 367: Class ReportX.ReportField of control cmpFluxo was not a loaded control class.
Line 389: Class ReportX.ReportField of control cmpFluxo was not a loaded control class.
Line 410: Class ReportX.ReportField of control cmpFluxo was not a loaded control class.
Line 443: Class ReportX.ReportSection of control RodapeCabecalho was not a loaded control class.
Line 454: Class ReportX.ReportSection of control Detalhe was not a loaded control class.
Line 463: Class ReportX.ReportField of control cmpFluxo was not a loaded control class.
Line 486: Class ReportX.ReportField of control cmpFluxo was not a loaded control class.
Line 508: Class ReportX.ReportField of control cmpFluxo was not a loaded control class.
Line 531: Class ReportX.ReportField of control cmpFluxo was not a loaded control class.
Line 555: Class ReportX.ReportField of control cmpFluxo was not a loaded control class.
Line 580: Class ReportX.ReportField of control cmpFluxo was not a loaded control class.
Line 605: Class ReportX.ReportField of control cmpFluxo was not a loaded control class.
Line 627: Class ReportX.ReportField of control cmpFluxo was not a loaded control class.
Line 650: Class ReportX.ReportField of control cmpFluxo was not a loaded control class.
Line 672: Class ReportX.ReportField of control cmpFluxo was not a loaded control class.
Line 695: Class ReportX.ReportField of control cmpFluxo was not a loaded control class.
Line 717: Class ReportX.ReportField of control cmpFluxo was not a loaded control class.
Line 741: Class ReportX.ReportField of control cmpFluxo was not a loaded control class.
Line 768: Class ReportX.ReportSection of control QuebraCabecalho was not a loaded control class.
Line 778: Class ReportX.ReportField of control cmpFluxo was not a loaded control class.
Line 799: Class ReportX.ReportField of control cmpFluxo was not a loaded control class.
Line 820: Class ReportX.ReportField of control cmpFluxo was not a loaded control class.
Line 841: Class ReportX.ReportField of control cmpFluxo was not a loaded control class.
Line 863: Class ReportX.ReportField of control cmpFluxo was not a loaded control class.
Line 885: Class ReportX.ReportField of control cmpFluxo was not a loaded control class.
Line 907: Class ReportX.ReportField of control cmpFluxo was not a loaded control class.
Line 930: Class ReportX.ReportMain of control Imprimir was not a loaded control class.
Line 948: Class ReportX.ReportSection of control Titulo was not a loaded control class.
Line 957: Class ReportX.ReportField of control Campo was not a loaded control class.
Line 983: Class ReportX.ReportField of control Campo was not a loaded control class.
Line 1009: Class ReportX.ReportField of control Campo was not a loaded control class.
Line 1030: Class ReportX.ReportField of control Campo was not a loaded control class.
Line 1054: Class ReportX.ReportField of control Campo was not a loaded control class.
Line 1078: Class ReportX.ReportField of control Campo was not a loaded control class.
Line 1102: Class ReportX.ReportField of control Campo was not a loaded control class.
Line 1126: Class ReportX.ReportField of control Campo was not a loaded control class.
Line 22: The property name _ExtentX in RodapeSaldo is invalid.
Line 23: The property name _ExtentY in RodapeSaldo is invalid.
Line 24: The property name Tipo in RodapeSaldo is invalid.
Line 25: The property name Ordem in RodapeSaldo is invalid.
Line 33: The property name _ExtentX in cmpFluxo is invalid.
Line 34: The property name _ExtentY in cmpFluxo is invalid.
Line 35: The property name Caption in cmpFluxo is invalid.
Line 36: The property name Alignment in cmpFluxo is invalid.
Line 55: The property name _ExtentX in cmpFluxo is invalid.
Line 56: The property name _ExtentY in cmpFluxo is invalid.
Line 57: The property name Campo in cmpFluxo is invalid.
Line 58: The property name Formato in cmpFluxo is invalid.
Line 59: The property name Caption in cmpFluxo is invalid.
Line 60: The property name TipoCampo in cmpFluxo is invalid.
Line 61: The property name Formula in cmpFluxo is invalid.
Line 62: The property name Alignment in cmpFluxo is invalid.
Line 81: The property name _ExtentX in cmpFluxo is invalid.
Line 82: The property name _ExtentY in cmpFluxo is invalid.
Line 83: The property name Campo in cmpFluxo is invalid.
Line 84: The property name Formato in cmpFluxo is invalid.
Line 85: The property name Caption in cmpFluxo is invalid.
Line 86: The property name TipoCampo in cmpFluxo is invalid.
Line 87: The property name Formula in cmpFluxo is invalid.
Line 88: The property name Alignment in cmpFluxo is invalid.
Line 107: The property name _ExtentX in cmpFluxo is invalid.
Line 108: The property name _ExtentY in cmpFluxo is invalid.
Line 109: The property name Caption in cmpFluxo is invalid.
Line 110: The property name Alignment in cmpFluxo is invalid.
Line 129: The property name _ExtentX in cmpFluxo is invalid.
Line 130: The property name _ExtentY in cmpFluxo is invalid.
Line 131: The property name Campo in cmpFluxo is invalid.
Line 132: The property name Formato in cmpFluxo is invalid.
Line 133: The property name Caption in cmpFluxo is invalid.
Line 134: The property name TipoCampo in cmpFluxo is invalid.
Line 135: The property name Formula in cmpFluxo is invalid.
Line 136: The property name Alignment in cmpFluxo is invalid.
Line 155: The property name _ExtentX in cmpFluxo is invalid.
Line 156: The property name _ExtentY in cmpFluxo is invalid.
Line 157: The property name Campo in cmpFluxo is invalid.
Line 158: The property name Formato in cmpFluxo is invalid.
Line 159: The property name Caption in cmpFluxo is invalid.
Line 160: The property name TipoCampo in cmpFluxo is invalid.
Line 161: The property name Formula in cmpFluxo is invalid.
Line 162: The property name Alignment in cmpFluxo is invalid.
Line 181: The property name _ExtentX in cmpFluxo is invalid.
Line 182: The property name _ExtentY in cmpFluxo is invalid.
Line 183: The property name Caption in cmpFluxo is invalid.
Line 184: The property name Alignment in cmpFluxo is invalid.
Line 203: The property name _ExtentX in cmpFluxo is invalid.
Line 204: The property name _ExtentY in cmpFluxo is invalid.
Line 205: The property name Campo in cmpFluxo is invalid.
Line 206: The property name Formato in cmpFluxo is invalid.
Line 207: The property name Caption in cmpFluxo is invalid.
Line 208: The property name TipoCampo in cmpFluxo is invalid.
Line 209: The property name Formula in cmpFluxo is invalid.
Line 210: The property name Alignment in cmpFluxo is invalid.
Line 229: The property name _ExtentX in cmpFluxo is invalid.
Line 230: The property name _ExtentY in cmpFluxo is invalid.
Line 231: The property name Caption in cmpFluxo is invalid.
Line 232: The property name Alignment in cmpFluxo is invalid.
Line 251: The property name _ExtentX in cmpFluxo is invalid.
Line 252: The property name _ExtentY in cmpFluxo is invalid.
Line 253: The property name Campo in cmpFluxo is invalid.
Line 254: The property name Formato in cmpFluxo is invalid.
Line 255: The property name Caption in cmpFluxo is invalid.
Line 256: The property name TipoCampo in cmpFluxo is invalid.
Line 257: The property name Formula in cmpFluxo is invalid.
Line 258: The property name Alignment in cmpFluxo is invalid.
Line 277: The property name _ExtentX in cmpFluxo is invalid.
Line 278: The property name _ExtentY in cmpFluxo is invalid.
Line 279: The property name Campo in cmpFluxo is invalid.
Line 280: The property name Formato in cmpFluxo is invalid.
Line 281: The property name Caption in cmpFluxo is invalid.
Line 282: The property name TipoCampo in cmpFluxo is invalid.
Line 283: The property name Formula in cmpFluxo is invalid.
Line 284: The property name Alignment in cmpFluxo is invalid.
Line 319: The property name _ExtentX in QuebraSaldo is invalid.
Line 320: The property name _ExtentY in QuebraSaldo is invalid.
Line 321: The property name Tipo in QuebraSaldo is invalid.
Line 322: The property name Ordem in QuebraSaldo is invalid.
Line 330: The property name _ExtentX in cmpFluxo is invalid.
Line 331: The property name _ExtentY in cmpFluxo is invalid.
Line 332: The property name Caption in cmpFluxo is invalid.
Line 351: The property name _ExtentX in cmpFluxo is invalid.
Line 352: The property name _ExtentY in cmpFluxo is invalid.
Line 353: The property name Campo in cmpFluxo is invalid.
Line 354: The property name Caption in cmpFluxo is invalid.
Line 355: The property name Formula in cmpFluxo is invalid.
Line 374: The property name _ExtentX in cmpFluxo is invalid.
Line 375: The property name _ExtentY in cmpFluxo is invalid.
Line 376: The property name Campo in cmpFluxo is invalid.
Line 377: The property name Caption in cmpFluxo is invalid.
Line 396: The property name _ExtentX in cmpFluxo is invalid.
Line 397: The property name _ExtentY in cmpFluxo is invalid.
Line 398: The property name Caption in cmpFluxo is invalid.
Line 417: The property name _ExtentX in cmpFluxo is invalid.
Line 418: The property name _ExtentY in cmpFluxo is invalid.
Line 419: The property name Campo in cmpFluxo is invalid.
Line 420: The property name Formato in cmpFluxo is invalid.
Line 421: The property name Caption in cmpFluxo is invalid.
Line 422: The property name TipoCampo in cmpFluxo is invalid.
Line 423: The property name Formula in cmpFluxo is invalid.
Line 424: The property name Alignment in cmpFluxo is invalid.
Line 449: The property name _ExtentX in RodapeCabecalho is invalid.
Line 450: The property name _ExtentY in RodapeCabecalho is invalid.
Line 451: The property name Tipo in RodapeCabecalho is invalid.
Line 452: The property name Ordem in RodapeCabecalho is invalid.
Line 460: The property name _ExtentX in Detalhe is invalid.
Line 461: The property name _ExtentY in Detalhe is invalid.
Line 462: The property name Ordem in Detalhe is invalid.
Line 470: The property name _ExtentX in cmpFluxo is invalid.
Line 471: The property name _ExtentY in cmpFluxo is invalid.
Line 472: The property name Campo in cmpFluxo is invalid.
Line 473: The property name Caption in cmpFluxo is invalid.
Line 474: The property name Formula in cmpFluxo is invalid.
Line 493: The property name _ExtentX in cmpFluxo is invalid.
Line 494: The property name _ExtentY in cmpFluxo is invalid.
Line 495: The property name Campo in cmpFluxo is invalid.
Line 496: The property name Caption in cmpFluxo is invalid.
Line 515: The property name _ExtentX in cmpFluxo is invalid.
Line 516: The property name _ExtentY in cmpFluxo is invalid.
Line 517: The property name Campo in cmpFluxo is invalid.
Line 518: The property name Caption in cmpFluxo is invalid.
Line 519: The property name Formula in cmpFluxo is invalid.
Line 538: The property name _ExtentX in cmpFluxo is invalid.
Line 539: The property name _ExtentY in cmpFluxo is invalid.
Line 540: The property name Campo in cmpFluxo is invalid.
Line 541: The property name Caption in cmpFluxo is invalid.
Line 542: The property name Formula in cmpFluxo is invalid.
Line 543: The property name Alignment in cmpFluxo is invalid.
Line 562: The property name _ExtentX in cmpFluxo is invalid.
Line 563: The property name _ExtentY in cmpFluxo is invalid.
Line 564: The property name Campo in cmpFluxo is invalid.
Line 565: The property name Formato in cmpFluxo is invalid.
Line 566: The property name Caption in cmpFluxo is invalid.
Line 567: The property name TipoCampo in cmpFluxo is invalid.
Line 568: The property name Alignment in cmpFluxo is invalid.
Line 587: The property name _ExtentX in cmpFluxo is invalid.
Line 588: The property name _ExtentY in cmpFluxo is invalid.
Line 589: The property name Campo in cmpFluxo is invalid.
Line 590: The property name Formato in cmpFluxo is invalid.
Line 591: The property name Caption in cmpFluxo is invalid.
Line 592: The property name TipoCampo in cmpFluxo is invalid.
Line 593: The property name Alignment in cmpFluxo is invalid.
Line 612: The property name _ExtentX in cmpFluxo is invalid.
Line 613: The property name _ExtentY in cmpFluxo is invalid.
Line 614: The property name Caption in cmpFluxo is invalid.
Line 615: The property name Mostrar in cmpFluxo is invalid.
Line 634: The property name _ExtentX in cmpFluxo is invalid.
Line 635: The property name _ExtentY in cmpFluxo is invalid.
Line 636: The property name Campo in cmpFluxo is invalid.
Line 637: The property name Caption in cmpFluxo is invalid.
Line 638: The property name Mostrar in cmpFluxo is invalid.
Line 657: The property name _ExtentX in cmpFluxo is invalid.
Line 658: The property name _ExtentY in cmpFluxo is invalid.
Line 659: The property name Caption in cmpFluxo is invalid.
Line 660: The property name Mostrar in cmpFluxo is invalid.
Line 679: The property name _ExtentX in cmpFluxo is invalid.
Line 680: The property name _ExtentY in cmpFluxo is invalid.
Line 681: The property name Campo in cmpFluxo is invalid.
Line 682: The property name Caption in cmpFluxo is invalid.
Line 683: The property name Mostrar in cmpFluxo is invalid.
Line 702: The property name _ExtentX in cmpFluxo is invalid.
Line 703: The property name _ExtentY in cmpFluxo is invalid.
Line 704: The property name Caption in cmpFluxo is invalid.
Line 705: The property name Mostrar in cmpFluxo is invalid.
Line 724: The property name _ExtentX in cmpFluxo is invalid.
Line 725: The property name _ExtentY in cmpFluxo is invalid.
Line 726: The property name Campo in cmpFluxo is invalid.
Line 727: The property name Caption in cmpFluxo is invalid.
Line 728: The property name Formula in cmpFluxo is invalid.
Line 729: The property name Mostrar in cmpFluxo is invalid.
Line 748: The property name _ExtentX in cmpFluxo is invalid.
Line 749: The property name _ExtentY in cmpFluxo is invalid.
Line 750: The property name Campo in cmpFluxo is invalid.
Line 751: The property name Formato in cmpFluxo is invalid.
Line 752: The property name Caption in cmpFluxo is invalid.
Line 753: The property name TipoCampo in cmpFluxo is invalid.
Line 754: The property name Formula in cmpFluxo is invalid.
Line 755: The property name Alignment in cmpFluxo is invalid.
Line 774: The property name _ExtentX in QuebraCabecalho is invalid.
Line 775: The property name _ExtentY in QuebraCabecalho is invalid.
Line 776: The property name Tipo in QuebraCabecalho is invalid.
Line 777: The property name Ordem in QuebraCabecalho is invalid.
Line 785: The property name _ExtentX in cmpFluxo is invalid.
Line 786: The property name _ExtentY in cmpFluxo is invalid.
Line 787: The property name Caption in cmpFluxo is invalid.
Line 806: The property name _ExtentX in cmpFluxo is invalid.
Line 807: The property name _ExtentY in cmpFluxo is invalid.
Line 808: The property name Caption in cmpFluxo is invalid.
Line 827: The property name _ExtentX in cmpFluxo is invalid.
Line 828: The property name _ExtentY in cmpFluxo is invalid.
Line 829: The property name Caption in cmpFluxo is invalid.
Line 848: The property name _ExtentX in cmpFluxo is invalid.
Line 849: The property name _ExtentY in cmpFluxo is invalid.
Line 850: The property name Caption in cmpFluxo is invalid.
Line 851: The property name Alignment in cmpFluxo is invalid.
Line 870: The property name _ExtentX in cmpFluxo is invalid.
Line 871: The property name _ExtentY in cmpFluxo is invalid.
Line 872: The property name Caption in cmpFluxo is invalid.
Line 873: The property name Alignment in cmpFluxo is invalid.
Line 892: The property name _ExtentX in cmpFluxo is invalid.
Line 893: The property name _ExtentY in cmpFluxo is invalid.
Line 894: The property name Caption in cmpFluxo is invalid.
Line 895: The property name Alignment in cmpFluxo is invalid.
Line 914: The property name _ExtentX in cmpFluxo is invalid.
Line 915: The property name _ExtentY in cmpFluxo is invalid.
Line 916: The property name Caption in cmpFluxo is invalid.
Line 917: The property name Alignment in cmpFluxo is invalid.
Line 936: The property name _ExtentX in Imprimir is invalid.
Line 937: The property name _ExtentY in Imprimir is invalid.
Line 938: The property name Pagina in Imprimir is invalid.
Line 939: The property name Divisao in Imprimir is invalid.
Line 940: The property name Regua in Imprimir is invalid.
Line 941: The property name MargemEsquerda in Imprimir is invalid.
Line 942: The property name MargemDireita in Imprimir is invalid.
Line 943: The property name MargemSuperior in Imprimir is invalid.
Line 944: The property name MargemInferior in Imprimir is invalid.
Line 945: The property name Titulo in Imprimir is invalid.
Line 946: The property name HTMLUnico in Imprimir is invalid.
Line 954: The property name _ExtentX in Titulo is invalid.
Line 955: The property name _ExtentY in Titulo is invalid.
Line 956: The property name Tipo in Titulo is invalid.
Line 964: The property name _ExtentX in Campo is invalid.
Line 965: The property name _ExtentY in Campo is invalid.
Line 966: The property name Campo in Campo is invalid.
Line 967: The property name Formato in Campo is invalid.
Line 968: The property name Caption in Campo is invalid.
Line 969: The property name TipoCampo in Campo is invalid.
Line 970: The property name Formula in Campo is invalid.
Line 971: The property name Alignment in Campo is invalid.
Line 990: The property name _ExtentX in Campo is invalid.
Line 991: The property name _ExtentY in Campo is invalid.
Line 992: The property name Campo in Campo is invalid.
Line 993: The property name Formato in Campo is invalid.
Line 994: The property name Caption in Campo is invalid.
Line 995: The property name TipoCampo in Campo is invalid.
Line 996: The property name Formula in Campo is invalid.
Line 997: The property name Alignment in Campo is invalid.
Line 1016: The property name _ExtentX in Campo is invalid.
Line 1017: The property name _ExtentY in Campo is invalid.
Line 1018: The property name Caption in Campo is invalid.
Line 1037: The property name _ExtentX in Campo is invalid.
Line 1038: The property name _ExtentY in Campo is invalid.
Line 1039: The property name Campo in Campo is invalid.
Line 1040: The property name Caption in Campo is invalid.
Line 1041: The property name Formula in Campo is invalid.
Line 1042: The property name Alignment in Campo is invalid.
Line 1061: The property name _ExtentX in Campo is invalid.
Line 1062: The property name _ExtentY in Campo is invalid.
Line 1063: The property name Campo in Campo is invalid.
Line 1064: The property name Caption in Campo is invalid.
Line 1065: The property name Formula in Campo is invalid.
Line 1066: The property name Alignment in Campo is invalid.
Line 1085: The property name _ExtentX in Campo is invalid.
Line 1086: The property name _ExtentY in Campo is invalid.
Line 1087: The property name Campo in Campo is invalid.
Line 1088: The property name Caption in Campo is invalid.
Line 1089: The property name Formula in Campo is invalid.
Line 1090: The property name Alignment in Campo is invalid.
Line 1109: The property name _ExtentX in Campo is invalid.
Line 1110: The property name _ExtentY in Campo is invalid.
Line 1111: The property name Campo in Campo is invalid.
Line 1112: The property name Caption in Campo is invalid.
Line 1113: The property name Formula in Campo is invalid.
Line 1114: The property name Alignment in Campo is invalid.
Line 1133: The property name _ExtentX in Campo is invalid.
Line 1134: The property name _ExtentY in Campo is invalid.
Line 1135: The property name Campo in Campo is invalid.
Line 1136: The property name Caption in Campo is invalid.
Line 1137: The property name Formula in Campo is invalid.
Line 1138: The property name Alignment in Campo is invalid.
